#
# There is insufficient memory for the Java Runtime Environment to continue.
# Native memory allocation (malloc) failed to allocate 65552 bytes for Chunk::new
# Possible reasons:
#   The system is out of physical RAM or swap space
#   The process is running with CompressedOops enabled, and the Java Heap may be blocking the growth of the native heap
# Possible solutions:
#   Reduce memory load on the system
#   Increase physical memory or swap space
#   Check if swap backing store is full
#   Decrease Java heap size (-Xmx/-Xms)
#   Decrease number of Java threads
#   Decrease Java thread stack sizes (-Xss)
#   Set larger code cache with -XX:ReservedCodeCacheSize=
#   JVM is running with Unscaled Compressed Oops mode in which the Java heap is
#     placed in the first 4GB address space. The Java Heap base address is the
#     maximum limit for the native heap growth. Please use -XX:HeapBaseMinAddress
#     to set the Java Heap base and to place the Java Heap above 4GB virtual address.
# This output file may be truncated or incomplete.
#
#  Out of Memory Error (allocation.cpp:389), pid=10584, tid=0x0000000000003bac
#
# JRE version: OpenJDK Runtime Environment (8.0_242-b01) (build 1.8.0_242-release-1644-b01)
# Java VM: OpenJDK 64-Bit Server VM (25.242-b01 mixed mode windows-amd64 compressed oops)
# Failed to write core dump. Minidumps are not enabled by default on client versions of Windows
#

---------------  T H R E A D  ---------------

Current thread (0x000000001443d000):  JavaThread "C2 CompilerThread1" daemon [_thread_in_native, id=15276, stack(0x0000000016c10000,0x0000000016d10000)]

Stack: [0x0000000016c10000,0x0000000016d10000]
[error occurred during error reporting (printing stack bounds), id 0xc0000005]

Native frames: (J=compiled Java code, j=interpreted, Vv=VM code, C=native code)


Current CompileTask:
C2:9020708 45074       4       org.gradle.internal.snapshot.impl.DefaultFileSystemSnapshotter::filterSnapshot (38 bytes)


---------------  P R O C E S S  ---------------

Java Threads: ( => current thread )
  0x000000001d8aa800 JavaThread "ForkJoinPool.commonPool-worker-3" daemon [_thread_blocked, id=6804, stack(0x00000000375a0000,0x00000000376a0000)]
  0x000000001d8a7000 JavaThread "ForkJoinPool.commonPool-worker-2" daemon [_thread_blocked, id=4984, stack(0x00000000374a0000,0x00000000375a0000)]
  0x000000001d8a4800 JavaThread "ForkJoinPool.commonPool-worker-7" daemon [_thread_blocked, id=8136, stack(0x0000000033be0000,0x0000000033ce0000)]
  0x000000001ba8b800 JavaThread "Cache worker for Java compile cache (D:\Android projects\Mitanshu\TechSoBTechApp\.gradle\5.6.4\javaCompile)" [_thread_blocked, id=13868, stack(0x0000000028bd0000,0x0000000028cd0000)]
  0x000000001ba8f000 JavaThread "stdout" [_thread_in_native, id=16236, stack(0x00000000371a0000,0x00000000372a0000)]
  0x000000001ba8e800 JavaThread "stderr" [_thread_in_native, id=4024, stack(0x00000000370a0000,0x00000000371a0000)]
  0x000000001ba8d800 JavaThread "pool-55-thread-1" [_thread_blocked, id=10964, stack(0x0000000028cd0000,0x0000000028dd0000)]
  0x000000001ba84000 JavaThread "Cache worker for execution history cache (D:\Android projects\Mitanshu\TechSoBTechApp\.gradle\5.6.4\executionHistory)" [_thread_blocked, id=10932, stack(0x0000000028ad0000,0x0000000028bd0000)]
  0x000000001ba8a800 JavaThread "Execution worker for ':' Thread 7" [_thread_blocked, id=16372, stack(0x0000000027920000,0x0000000027a20000)]
  0x000000001ba8a000 JavaThread "Execution worker for ':' Thread 6" [_thread_in_native, id=4948, stack(0x0000000027820000,0x0000000027920000)]
  0x000000001ba82800 JavaThread "Execution worker for ':' Thread 5" [_thread_blocked, id=7532, stack(0x0000000027720000,0x0000000027820000)]
  0x000000001ba89000 JavaThread "Execution worker for ':' Thread 4" [_thread_blocked, id=6068, stack(0x0000000027620000,0x0000000027720000)]
  0x000000001ba88800 JavaThread "Execution worker for ':' Thread 3" [_thread_blocked, id=16280, stack(0x0000000027520000,0x0000000027620000)]
  0x000000001ba84800 JavaThread "Execution worker for ':' Thread 2" [_thread_blocked, id=10948, stack(0x0000000027420000,0x0000000027520000)]
  0x000000001ba83000 JavaThread "Execution worker for ':'" [_thread_blocked, id=13232, stack(0x0000000027320000,0x0000000027420000)]
  0x000000001ba87000 JavaThread "Cache worker for file content cache (D:\Android projects\Mitanshu\TechSoBTechApp\.gradle\5.6.4\fileContent)" [_thread_blocked, id=13992, stack(0x0000000027220000,0x0000000027320000)]
  0x000000001ba86000 JavaThread "Cache worker for Build Output Cleanup Cache (D:\Android projects\Mitanshu\TechSoBTechApp\.gradle\buildOutputCleanup)" [_thread_blocked, id=12108, stack(0x0000000026e20000,0x0000000026f20000)]
  0x0000000020177000 JavaThread "Build operations Thread 8" [_thread_blocked, id=2452, stack(0x0000000026920000,0x0000000026a20000)]
  0x0000000020176800 JavaThread "Build operations Thread 7" [_thread_blocked, id=13320, stack(0x0000000023ce0000,0x0000000023de0000)]
  0x0000000020175800 JavaThread "Build operations Thread 6" [_thread_blocked, id=14748, stack(0x0000000023900000,0x0000000023a00000)]
  0x0000000020174000 JavaThread "Build operations Thread 5" [_thread_blocked, id=6112, stack(0x0000000020b20000,0x0000000020c20000)]
  0x0000000020175000 JavaThread "Build operations Thread 4" [_thread_blocked, id=6032, stack(0x0000000020a20000,0x0000000020b20000)]
  0x0000000020179800 JavaThread "Build operations Thread 3" [_thread_blocked, id=15924, stack(0x0000000020630000,0x0000000020730000)]
  0x0000000020178000 JavaThread "Build operations Thread 2" [_thread_blocked, id=10504, stack(0x0000000020530000,0x0000000020630000)]
  0x0000000020178800 JavaThread "Build operations" [_thread_blocked, id=14736, stack(0x000000001f160000,0x000000001f260000)]
  0x000000002016c800 JavaThread "Cache worker for cache directory md-rule (C:\Users\2122E\.gradle\caches\5.6.4\md-rule)" [_thread_blocked, id=15872, stack(0x000000001d5b0000,0x000000001d6b0000)]
  0x000000002016c000 JavaThread "Cache worker for cache directory md-supplier (C:\Users\2122E\.gradle\caches\5.6.4\md-supplier)" [_thread_blocked, id=7540, stack(0x000000001d1d0000,0x000000001d2d0000)]
  0x000000002016f800 JavaThread "Cache worker for file hash cache (D:\Android projects\Mitanshu\TechSoBTechApp\.gradle\5.6.4\fileHashes)" [_thread_blocked, id=13692, stack(0x000000001aa30000,0x000000001ab30000)]
  0x000000002016e000 JavaThread "Thread-625" [_thread_blocked, id=13400, stack(0x000000001a930000,0x000000001aa30000)]
  0x0000000020172000 JavaThread "Asynchronous log dispatcher for DefaultDaemonConnection: socket connection from /127.0.0.1:51281 to /127.0.0.1:54540" [_thread_blocked, id=12500, stack(0x000000001a730000,0x000000001a830000)]
  0x000000002016d800 JavaThread "Daemon worker Thread 15" [_thread_blocked, id=1528, stack(0x000000001a630000,0x000000001a730000)]
  0x000000002016f000 JavaThread "Cancel handler" [_thread_blocked, id=2648, stack(0x000000001a330000,0x000000001a430000)]
  0x0000000020171000 JavaThread "Handler for socket connection from /127.0.0.1:51281 to /127.0.0.1:54540" [_thread_in_native, id=10280, stack(0x000000001a230000,0x000000001a330000)]
  0x000000002016a800 JavaThread "Daemon Thread 15" [_thread_blocked, id=6116, stack(0x0000000000fb0000,0x00000000010b0000)]
  0x000000001d8b0000 JavaThread "Cache worker for Java compile cache (C:\Users\2122E\.gradle\caches\5.6.4\javaCompile)" [_thread_blocked, id=1916, stack(0x0000000026620000,0x0000000026720000)]
  0x000000001c291000 JavaThread "Cache worker for file content cache (C:\Users\2122E\.gradle\caches\5.6.4\fileContent)" [_thread_blocked, id=12256, stack(0x0000000023800000,0x0000000023900000)]
  0x000000001c295800 JavaThread "Memory manager" [_thread_blocked, id=9244, stack(0x0000000022240000,0x0000000022340000)]
  0x0000000018cb6000 JavaThread "Cache worker for execution history cache (C:\Users\2122E\.gradle\caches\5.6.4\executionHistory)" [_thread_blocked, id=16016, stack(0x0000000020230000,0x0000000020330000)]
  0x0000000018cb9000 JavaThread "Cache worker for journal cache (C:\Users\2122E\.gradle\caches\journal-1)" [_thread_blocked, id=8428, stack(0x000000001af30000,0x000000001b030000)]
  0x0000000018cb3000 JavaThread "File lock request listener" [_thread_in_native, id=5392, stack(0x000000001ae30000,0x000000001af30000)]
  0x0000000018ca1000 JavaThread "Cache worker for file hash cache (C:\Users\2122E\.gradle\caches\5.6.4\fileHashes)" [_thread_blocked, id=16072, stack(0x000000001ad30000,0x000000001ae30000)]
  0x0000000018bd6000 JavaThread "Daemon periodic checks" [_thread_blocked, id=12696, stack(0x000000001a130000,0x000000001a230000)]
  0x0000000018bce000 JavaThread "Incoming local TCP Connector on port 51281" [_thread_in_native, id=11060, stack(0x0000000019ef0000,0x0000000019ff0000)]
  0x0000000018b42800 JavaThread "Daemon health stats" [_thread_blocked, id=14820, stack(0x00000000198b0000,0x00000000199b0000)]
  0x00000000162d9000 JavaThread "Service Thread" daemon [_thread_blocked, id=16160, stack(0x0000000016f10000,0x0000000017010000)]
  0x000000001624d800 JavaThread "C1 CompilerThread3" daemon [_thread_blocked, id=15612, stack(0x0000000016e10000,0x0000000016f10000)]
  0x0000000016247800 JavaThread "C2 CompilerThread2" daemon [_thread_blocked, id=16232, stack(0x0000000016d10000,0x0000000016e10000)]
=>0x000000001443d000 JavaThread "C2 CompilerThread1" daemon [_thread_in_native, id=15276, stack(0x0000000016c10000,0x0000000016d10000)]
  0x0000000016246000 JavaThread "C2 CompilerThread0" daemon [_thread_blocked, id=16340, stack(0x0000000016b10000,0x0000000016c10000)]
  0x0000000016244000 JavaThread "Attach Listener" daemon [_thread_blocked, id=1088, stack(0x0000000016a10000,0x0000000016b10000)]
  0x0000000016243000 JavaThread "Signal Dispatcher" daemon [_thread_blocked, id=11160, stack(0x0000000016910000,0x0000000016a10000)]
  0x0000000016231800 JavaThread "Finalizer" daemon [_thread_blocked, id=9432, stack(0x0000000016710000,0x0000000016810000)]
  0x0000000016230800 JavaThread "Reference Handler" daemon [_thread_blocked, id=12088, stack(0x0000000016610000,0x0000000016710000)]
  0x00000000029bd800 JavaThread "main" [_thread_blocked, id=15272, stack(0x00000000029c0000,0x0000000002ac0000)]

Other Threads:
  0x0000000014428000 VMThread [stack: 0x0000000016110000,0x0000000016210000] [id=11536]
  0x00000000162da000 WatcherThread [stack: 0x0000000017010000,0x0000000017110000] [id=16176]

VM state:not at safepoint (normal execution)

VM Mutex/Monitor currently owned by a thread: None

heap address: 0x00000000e0000000, size: 512 MB, Compressed Oops mode: 32-bit
Narrow klass base: 0x0000000000000000, Narrow klass shift: 3
Compressed class space size: 1073741824 Address: 0x0000000100000000

Heap:
 PSYoungGen      total 125440K, used 118470K [0x00000000f5580000, 0x0000000100000000, 0x0000000100000000)
  eden space 86528K, 98% used [0x00000000f5580000,0x00000000fa8a8be0,0x00000000faa00000)
  from space 38912K, 85% used [0x00000000fd800000,0x00000000ff888e68,0x00000000ffe00000)
  to   space 44032K, 0% used [0x00000000faa00000,0x00000000faa00000,0x00000000fd500000)
 ParOldGen       total 349696K, used 309090K [0x00000000e0000000, 0x00000000f5580000, 0x00000000f5580000)
  object space 349696K, 88% used [0x00000000e0000000,0x00000000f2dd8958,0x00000000f5580000)
 Metaspace       used 119536K, capacity 127007K, committed 129368K, reserved 1163264K
  class space    used 14674K, capacity 15970K, committed 16512K, reserved 1048576K

Card table byte_map: [0x0000000011f80000,0x0000000012090000] byte_map_base: 0x0000000011880000

Marking Bits: (ParMarkBitMap*) 0x000000005759f030
 Begin Bits: [0x0000000012940000, 0x0000000013140000)
 End Bits:   [0x0000000013140000, 0x0000000013940000)

Polling page: 0x00000000028b0000

CodeCache: size=245760Kb used=116679Kb max_used=116742Kb free=129080Kb
 bounds [0x0000000002bc0000, 0x0000000009e70000, 0x0000000011bc0000]
 total_blobs=30376 nmethods=29412 adapters=874
 compilation: enabled

Compilation events (10 events):
Event: 9020.421 Thread 0x000000001624d800 nmethod 45073 0x00000000065f7e50 code [0x00000000065f7fa0, 0x00000000065f80b0]
Event: 9020.425 Thread 0x000000001624d800 45069       3       org.gradle.api.internal.AbstractTask::getLogging (42 bytes)
Event: 9020.425 Thread 0x000000001624d800 nmethod 45069 0x000000000632b010 code [0x000000000632b1c0, 0x000000000632b758]
Event: 9020.429 Thread 0x000000001624d800 45070       1       org.gradle.api.internal.tasks.execution.ExecuteActionsTaskExecuter::access$400 (5 bytes)
Event: 9020.430 Thread 0x000000001624d800 nmethod 45070 0x000000000632acd0 code [0x000000000632ae20, 0x000000000632af10]
Event: 9020.434 Thread 0x000000001624d800 45071       1       org.gradle.internal.execution.steps.SnapshotOutputsStep$1::isReused (2 bytes)
Event: 9020.434 Thread 0x000000001624d800 nmethod 45071 0x00000000065f7b90 code [0x00000000065f7ce0, 0x00000000065f7df0]
Event: 9020.438 Thread 0x000000001624d800 45072       1       org.gradle.internal.execution.steps.SkipUpToDateStep$2::getExecutionReasons (5 bytes)
Event: 9020.439 Thread 0x000000001624d800 nmethod 45072 0x00000000065f78d0 code [0x00000000065f7a20, 0x00000000065f7b30]
Event: 9020.698 Thread 0x000000001443d000 45074       4       org.gradle.internal.snapshot.impl.DefaultFileSystemSnapshotter::filterSnapshot (38 bytes)

GC Heap History (10 events):
Event: 8988.559 GC heap before
{Heap before GC invocations=1006 (full 36):
 PSYoungGen      total 127488K, used 85232K [0x00000000f5580000, 0x00000000ffe00000, 0x0000000100000000)
  eden space 81920K, 100% used [0x00000000f5580000,0x00000000fa580000,0x00000000fa580000)
  from space 45568K, 7% used [0x00000000fa580000,0x00000000fa8bc010,0x00000000fd200000)
  to   space 44544K, 0% used [0x00000000fd280000,0x00000000fd280000,0x00000000ffe00000)
 ParOldGen       total 349696K, used 302897K [0x00000000e0000000, 0x00000000f5580000, 0x00000000f5580000)
  object space 349696K, 86% used [0x00000000e0000000,0x00000000f27cc560,0x00000000f5580000)
 Metaspace       used 119511K, capacity 126983K, committed 129368K, reserved 1163264K
  class space    used 14672K, capacity 15966K, committed 16512K, reserved 1048576K
Event: 8988.569 GC heap after
Heap after GC invocations=1006 (full 36):
 PSYoungGen      total 128000K, used 3688K [0x00000000f5580000, 0x00000000ffd00000, 0x0000000100000000)
  eden space 84480K, 0% used [0x00000000f5580000,0x00000000f5580000,0x00000000fa800000)
  from space 43520K, 8% used [0x00000000fd280000,0x00000000fd61a230,0x00000000ffd00000)
  to   space 43520K, 0% used [0x00000000fa800000,0x00000000fa800000,0x00000000fd280000)
 ParOldGen       total 349696K, used 305798K [0x00000000e0000000, 0x00000000f5580000, 0x00000000f5580000)
  object space 349696K, 87% used [0x00000000e0000000,0x00000000f2aa18a8,0x00000000f5580000)
 Metaspace       used 119511K, capacity 126983K, committed 129368K, reserved 1163264K
  class space    used 14672K, capacity 15966K, committed 16512K, reserved 1048576K
}
Event: 8992.098 GC heap before
{Heap before GC invocations=1007 (full 36):
 PSYoungGen      total 128000K, used 88168K [0x00000000f5580000, 0x00000000ffd00000, 0x0000000100000000)
  eden space 84480K, 100% used [0x00000000f5580000,0x00000000fa800000,0x00000000fa800000)
  from space 43520K, 8% used [0x00000000fd280000,0x00000000fd61a230,0x00000000ffd00000)
  to   space 43520K, 0% used [0x00000000fa800000,0x00000000fa800000,0x00000000fd280000)
 ParOldGen       total 349696K, used 305798K [0x00000000e0000000, 0x00000000f5580000, 0x00000000f5580000)
  object space 349696K, 87% used [0x00000000e0000000,0x00000000f2aa18a8,0x00000000f5580000)
 Metaspace       used 119513K, capacity 126983K, committed 129368K, reserved 1163264K
  class space    used 14672K, capacity 15966K, committed 16512K, reserved 1048576K
Event: 8992.114 GC heap after
Heap after GC invocations=1007 (full 36):
 PSYoungGen      total 128000K, used 6155K [0x00000000f5580000, 0x00000000ffd00000, 0x0000000100000000)
  eden space 84480K, 0% used [0x00000000f5580000,0x00000000f5580000,0x00000000fa800000)
  from space 43520K, 14% used [0x00000000fa800000,0x00000000fae02df8,0x00000000fd280000)
  to   space 41984K, 0% used [0x00000000fd400000,0x00000000fd400000,0x00000000ffd00000)
 ParOldGen       total 349696K, used 309090K [0x00000000e0000000, 0x00000000f5580000, 0x00000000f5580000)
  object space 349696K, 88% used [0x00000000e0000000,0x00000000f2dd8958,0x00000000f5580000)
 Metaspace       used 119513K, capacity 126983K, committed 129368K, reserved 1163264K
  class space    used 14672K, capacity 15966K, committed 16512K, reserved 1048576K
}
Event: 8996.139 GC heap before
{Heap before GC invocations=1008 (full 36):
 PSYoungGen      total 128000K, used 90635K [0x00000000f5580000, 0x00000000ffd00000, 0x0000000100000000)
  eden space 84480K, 100% used [0x00000000f5580000,0x00000000fa800000,0x00000000fa800000)
  from space 43520K, 14% used [0x00000000fa800000,0x00000000fae02df8,0x00000000fd280000)
  to   space 41984K, 0% used [0x00000000fd400000,0x00000000fd400000,0x00000000ffd00000)
 ParOldGen       total 349696K, used 309090K [0x00000000e0000000, 0x00000000f5580000, 0x00000000f5580000)
  object space 349696K, 88% used [0x00000000e0000000,0x00000000f2dd8958,0x00000000f5580000)
 Metaspace       used 119530K, capacity 127007K, committed 129368K, reserved 1163264K
  class space    used 14674K, capacity 15970K, committed 16512K, reserved 1048576K
Event: 8996.151 GC heap after
Heap after GC invocations=1008 (full 36):
 PSYoungGen      total 128512K, used 7121K [0x00000000f5580000, 0x00000000ffa80000, 0x0000000100000000)
  eden space 89088K, 0% used [0x00000000f5580000,0x00000000f5580000,0x00000000fac80000)
  from space 39424K, 18% used [0x00000000fd400000,0x00000000fdaf4748,0x00000000ffa80000)
  to   space 39936K, 0% used [0x00000000fac80000,0x00000000fac80000,0x00000000fd380000)
 ParOldGen       total 349696K, used 309090K [0x00000000e0000000, 0x00000000f5580000, 0x00000000f5580000)
  object space 349696K, 88% used [0x00000000e0000000,0x00000000f2dd8958,0x00000000f5580000)
 Metaspace       used 119530K, capacity 127007K, committed 129368K, reserved 1163264K
  class space    used 14674K, capacity 15970K, committed 16512K, reserved 1048576K
}
Event: 9020.090 GC heap before
{Heap before GC invocations=1009 (full 36):
 PSYoungGen      total 128512K, used 96203K [0x00000000f5580000, 0x00000000ffa80000, 0x0000000100000000)
  eden space 89088K, 99% used [0x00000000f5580000,0x00000000fac7e838,0x00000000fac80000)
  from space 39424K, 18% used [0x00000000fd400000,0x00000000fdaf4748,0x00000000ffa80000)
  to   space 39936K, 0% used [0x00000000fac80000,0x00000000fac80000,0x00000000fd380000)
 ParOldGen       total 349696K, used 309090K [0x00000000e0000000, 0x00000000f5580000, 0x00000000f5580000)
  object space 349696K, 88% used [0x00000000e0000000,0x00000000f2dd8958,0x00000000f5580000)
 Metaspace       used 119531K, capacity 127007K, committed 129368K, reserved 1163264K
  class space    used 14674K, capacity 15970K, committed 16512K, reserved 1048576K
Event: 9020.114 GC heap after
Heap after GC invocations=1009 (full 36):
 PSYoungGen      total 129024K, used 16615K [0x00000000f5580000, 0x00000000ffe00000, 0x0000000100000000)
  eden space 89088K, 0% used [0x00000000f5580000,0x00000000f5580000,0x00000000fac80000)
  from space 39936K, 41% used [0x00000000fac80000,0x00000000fbcb9c80,0x00000000fd380000)
  to   space 38912K, 0% used [0x00000000fd800000,0x00000000fd800000,0x00000000ffe00000)
 ParOldGen       total 349696K, used 309090K [0x00000000e0000000, 0x00000000f5580000, 0x00000000f5580000)
  object space 349696K, 88% used [0x00000000e0000000,0x00000000f2dd8958,0x00000000f5580000)
 Metaspace       used 119531K, capacity 127007K, committed 129368K, reserved 1163264K
  class space    used 14674K, capacity 15970K, committed 16512K, reserved 1048576K
}
Event: 9020.233 GC heap before
{Heap before GC invocations=1010 (full 36):
 PSYoungGen      total 129024K, used 105703K [0x00000000f5580000, 0x00000000ffe00000, 0x0000000100000000)
  eden space 89088K, 100% used [0x00000000f5580000,0x00000000fac80000,0x00000000fac80000)
  from space 39936K, 41% used [0x00000000fac80000,0x00000000fbcb9c80,0x00000000fd380000)
  to   space 38912K, 0% used [0x00000000fd800000,0x00000000fd800000,0x00000000ffe00000)
 ParOldGen       total 349696K, used 309090K [0x00000000e0000000, 0x00000000f5580000, 0x00000000f5580000)
  object space 349696K, 88% used [0x00000000e0000000,0x00000000f2dd8958,0x00000000f5580000)
 Metaspace       used 119534K, capacity 127007K, committed 129368K, reserved 1163264K
  class space    used 14674K, capacity 15970K, committed 16512K, reserved 1048576K
Event: 9020.275 GC heap after
Heap after GC invocations=1010 (full 36):
 PSYoungGen      total 125440K, used 33315K [0x00000000f5580000, 0x0000000100000000, 0x0000000100000000)
  eden space 86528K, 0% used [0x00000000f5580000,0x00000000f5580000,0x00000000faa00000)
  from space 38912K, 85% used [0x00000000fd800000,0x00000000ff888e68,0x00000000ffe00000)
  to   space 44032K, 0% used [0x00000000faa00000,0x00000000faa00000,0x00000000fd500000)
 ParOldGen       total 349696K, used 309090K [0x00000000e0000000, 0x00000000f5580000, 0x00000000f5580000)
  object space 349696K, 88% used [0x00000000e0000000,0x00000000f2dd8958,0x00000000f5580000)
 Metaspace       used 119534K, capacity 127007K, committed 129368K, reserved 1163264K
  class space    used 14674K, capacity 15970K, committed 16512K, reserved 1048576K
}

Deoptimization events (10 events):
Event: 8987.004 Thread 0x000000001ba8a800 Uncommon trap: reason=bimorphic action=maybe_recompile pc=0x0000000008e8b608 method=com.sun.tools.javac.comp.Check.checkRedundantCast(Lcom/sun/tools/javac/comp/Env;Lcom/sun/tools/javac/tree/JCTree$JCTypeCast;)V @ 4
Event: 8987.004 Thread 0x000000001ba8a800 Uncommon trap: reason=bimorphic action=maybe_recompile pc=0x0000000004eb8db0 method=com.sun.tools.javac.comp.TransTypes.visitTypeCast(Lcom/sun/tools/javac/tree/JCTree$JCTypeCast;)V @ 50
Event: 8987.004 Thread 0x000000001ba8a800 Uncommon trap: reason=bimorphic action=maybe_recompile pc=0x0000000004eb8db0 method=com.sun.tools.javac.comp.TransTypes.visitTypeCast(Lcom/sun/tools/javac/tree/JCTree$JCTypeCast;)V @ 50
Event: 8988.492 Thread 0x000000001ba8a800 Uncommon trap: reason=class_check action=maybe_recompile pc=0x0000000008a80888 method=com.sun.tools.javac.comp.Check.checkCompatibleConcretes(Lcom/sun/tools/javac/util/JCDiagnostic$DiagnosticPosition;Lcom/sun/tools/javac/code/Type;)V @ 153
Event: 8988.492 Thread 0x000000001ba8a800 Uncommon trap: reason=class_check action=maybe_recompile pc=0x0000000007935ac0 method=com.sun.tools.javac.comp.Check.checkOverride(Lcom/sun/tools/javac/tree/JCTree;Lcom/sun/tools/javac/code/Symbol$MethodSymbol;Lcom/sun/tools/javac/code/Symbol$MethodSymbol
Event: 8988.493 Thread 0x000000001ba8a800 Uncommon trap: reason=class_check action=maybe_recompile pc=0x0000000007935ac0 method=com.sun.tools.javac.comp.Check.checkOverride(Lcom/sun/tools/javac/tree/JCTree;Lcom/sun/tools/javac/code/Symbol$MethodSymbol;Lcom/sun/tools/javac/code/Symbol$MethodSymbol
Event: 8988.851 Thread 0x000000001ba8a800 Uncommon trap: reason=class_check action=maybe_recompile pc=0x0000000005d72c38 method=com.sun.tools.javac.comp.Check.checkMethod(Lcom/sun/tools/javac/code/Type;Lcom/sun/tools/javac/code/Symbol;Lcom/sun/tools/javac/comp/Env;Lcom/sun/tools/javac/util/List;L
Event: 8996.798 Thread 0x000000001d8a6000 Uncommon trap: reason=unstable_if action=reinterpret pc=0x0000000009d48d98 method=com.android.tools.r8.graph.JarCode.buildIR(Lcom/android/tools/r8/graph/DexEncodedMethod;Lcom/android/tools/r8/graph/AppInfo;Lcom/android/tools/r8/graph/GraphLense;Lcom/andro
Event: 8996.798 Thread 0x000000001d8ad000 Uncommon trap: reason=unstable_if action=reinterpret pc=0x0000000009d48d98 method=com.android.tools.r8.graph.JarCode.buildIR(Lcom/android/tools/r8/graph/DexEncodedMethod;Lcom/android/tools/r8/graph/AppInfo;Lcom/android/tools/r8/graph/GraphLense;Lcom/andro
Event: 8996.823 Thread 0x000000001d8ad000 Uncommon trap: reason=unstable_if action=reinterpret pc=0x0000000009cd4d84 method=com.android.tools.r8.ir.code.MoveException.canBeDeadCode(Lcom/android/tools/r8/ir/code/IRCode;Lcom/android/tools/r8/utils/InternalOptions;)Z @ 4

Classes redefined (0 events):
No events

Internal exceptions (10 events):
Event: 8961.980 Thread 0x000000001ba8a800 Implicit null exception at 0x000000000992ad29 to 0x000000000992b7d5
Event: 8996.020 Thread 0x000000002016e000 Exception <a 'java/lang/NoSuchMethodError': <clinit>> (0x00000000f857b3e0) thrown at [C:\src\AOSP-openjdk-git\hotspot\src\share\vm\prims\jni.cpp, line 1615]
Event: 8996.023 Thread 0x000000002016e000 Exception <a 'java/lang/NoSuchMethodError': <clinit>> (0x00000000f865c268) thrown at [C:\src\AOSP-openjdk-git\hotspot\src\share\vm\prims\jni.cpp, line 1615]
Event: 8996.790 Thread 0x000000001d8ad000 Exception <a 'sun/nio/fs/WindowsException'> (0x00000000f866a3a0) thrown at [C:\src\AOSP-openjdk-git\hotspot\src\share\vm\prims\jni.cpp, line 710]
Event: 8996.792 Thread 0x000000001d8a6000 Exception <a 'sun/nio/fs/WindowsException'> (0x00000000f8743350) thrown at [C:\src\AOSP-openjdk-git\hotspot\src\share\vm\prims\jni.cpp, line 710]
Event: 8996.827 Thread 0x000000001d8a6000 Exception <a 'sun/nio/fs/WindowsException'> (0x00000000f88ceed0) thrown at [C:\src\AOSP-openjdk-git\hotspot\src\share\vm\prims\jni.cpp, line 710]
Event: 8996.828 Thread 0x000000001d8ad000 Exception <a 'sun/nio/fs/WindowsException'> (0x00000000f8944d68) thrown at [C:\src\AOSP-openjdk-git\hotspot\src\share\vm\prims\jni.cpp, line 710]
Event: 8996.829 Thread 0x000000001d8a6000 Exception <a 'sun/nio/fs/WindowsException'> (0x00000000f88d3bc0) thrown at [C:\src\AOSP-openjdk-git\hotspot\src\share\vm\prims\jni.cpp, line 710]
Event: 9020.088 Thread 0x000000001d8a8800 Exception <a 'sun/nio/fs/WindowsException'> (0x00000000fa83ab38) thrown at [C:\src\AOSP-openjdk-git\hotspot\src\share\vm\prims\jni.cpp, line 710]
Event: 9020.402 Thread 0x000000001d8b3800 Exception <a 'sun/nio/fs/WindowsException'> (0x00000000f8e1f730) thrown at [C:\src\AOSP-openjdk-git\hotspot\src\share\vm\prims\jni.cpp, line 710]

Events (10 events):
Event: 9020.410 Thread 0x000000001624d800 flushing nmethod 0x000000000632acd0
Event: 9020.415 Thread 0x000000001624d800 flushing nmethod 0x00000000065f78d0
Event: 9020.423 Thread 0x000000001624d800 flushing nmethod 0x00000000073ddd10
Event: 9020.425 Thread 0x000000001624d800 flushing nmethod 0x00000000075d87d0
Event: 9020.427 Thread 0x000000001624d800 flushing nmethod 0x0000000007c72f10
Event: 9020.434 Thread 0x000000001624d800 flushing nmethod 0x0000000008fc76d0
Event: 9020.435 Thread 0x000000001624d800 flushing nmethod 0x0000000009308a10
Event: 9020.436 Thread 0x000000001624d800 flushing nmethod 0x000000000932d990
Event: 9020.437 Thread 0x000000001624d800 flushing nmethod 0x000000000986b2d0
Event: 9020.438 Thread 0x000000001624d800 flushing nmethod 0x0000000009bdda90


Dynamic libraries:
0x00007ff76c020000 - 0x00007ff76c051000 	C:\Program Files\Android\Android Studio\jre\bin\java.exe
0x00007ffcb1d30000 - 0x00007ffcb1f25000 	C:\WINDOWS\SYSTEM32\ntdll.dll
0x00007ffcb1b00000 - 0x00007ffcb1bbd000 	C:\WINDOWS\System32\KERNEL32.dll
0x00007ffca51c0000 - 0x00007ffca52db000 	C:\Windows\system32\hmpalert.dll
0x00007ffcaf960000 - 0x00007ffcafc29000 	C:\WINDOWS\System32\KERNELBASE.dll
0x00007ffcb1260000 - 0x00007ffcb130c000 	C:\WINDOWS\System32\ADVAPI32.dll
0x00007ffcaff30000 - 0x00007ffcaffce000 	C:\WINDOWS\System32\msvcrt.dll
0x00007ffcb16c0000 - 0x00007ffcb175c000 	C:\WINDOWS\System32\sechost.dll
0x00007ffcb0dd0000 - 0x00007ffcb0efb000 	C:\WINDOWS\System32\RPCRT4.dll
0x00007ffcafd90000 - 0x00007ffcaff30000 	C:\WINDOWS\System32\USER32.dll
0x00007ffcaf470000 - 0x00007ffcaf492000 	C:\WINDOWS\System32\win32u.dll
0x00007ffcb15d0000 - 0x00007ffcb15fa000 	C:\WINDOWS\System32\GDI32.dll
0x00007ffcaf550000 - 0x00007ffcaf65b000 	C:\WINDOWS\System32\gdi32full.dll
0x00007ffcaf710000 - 0x00007ffcaf7ad000 	C:\WINDOWS\System32\msvcp_win.dll
0x00007ffcaf7b0000 - 0x00007ffcaf8b0000 	C:\WINDOWS\System32\ucrtbase.dll
0x00007ffc93970000 - 0x00007ffc93c0a000 	C:\WINDOWS\WinSxS\amd64_microsoft.windows.common-controls_6595b64144ccf1df_6.0.19041.844_none_ca00b6081b84eb1d\COMCTL32.dll
0x00007ffcb1600000 - 0x00007ffcb1630000 	C:\WINDOWS\System32\IMM32.DLL
0x0000000056cf0000 - 0x0000000056dc2000 	C:\Program Files\Android\Android Studio\jre\jre\bin\msvcr100.dll
0x0000000056dd0000 - 0x000000005761b000 	C:\Program Files\Android\Android Studio\jre\jre\bin\server\jvm.dll
0x00007ffcb05a0000 - 0x00007ffcb05a8000 	C:\WINDOWS\System32\PSAPI.DLL
0x00007ffcacd90000 - 0x00007ffcacd99000 	C:\WINDOWS\SYSTEM32\WSOCK32.dll
0x00007ffc8f380000 - 0x00007ffc8f3a7000 	C:\WINDOWS\SYSTEM32\WINMM.dll
0x00007ffca8ea0000 - 0x00007ffca8eaa000 	C:\WINDOWS\SYSTEM32\VERSION.dll
0x00007ffcb0d00000 - 0x00007ffcb0d6b000 	C:\WINDOWS\System32\WS2_32.dll
0x00007ffcaa4f0000 - 0x00007ffcaa4ff000 	C:\Program Files\Android\Android Studio\jre\jre\bin\verify.dll
0x00007ffc97720000 - 0x00007ffc97749000 	C:\Program Files\Android\Android Studio\jre\jre\bin\java.dll
0x00007ffca4b50000 - 0x00007ffca4b66000 	C:\Program Files\Android\Android Studio\jre\jre\bin\zip.dll
0x00007ffcb05b0000 - 0x00007ffcb0cf2000 	C:\WINDOWS\System32\SHELL32.dll
0x00007ffcad5f0000 - 0x00007ffcadd80000 	C:\WINDOWS\SYSTEM32\windows.storage.dll
0x00007ffcb0f00000 - 0x00007ffcb1255000 	C:\WINDOWS\System32\combase.dll
0x00007ffcaee70000 - 0x00007ffcaee9c000 	C:\WINDOWS\SYSTEM32\Wldp.dll
0x00007ffcb0440000 - 0x00007ffcb04ee000 	C:\WINDOWS\System32\SHCORE.dll
0x00007ffcb17c0000 - 0x00007ffcb1815000 	C:\WINDOWS\System32\shlwapi.dll
0x00007ffcaf3b0000 - 0x00007ffcaf3cf000 	C:\WINDOWS\SYSTEM32\profapi.dll
0x00007ffca1990000 - 0x00007ffca19aa000 	C:\Program Files\Android\Android Studio\jre\jre\bin\net.dll
0x00007ffcaeb90000 - 0x00007ffcaebfa000 	C:\WINDOWS\system32\mswsock.dll
0x00007ffc98520000 - 0x00007ffc98533000 	C:\Program Files\Android\Android Studio\jre\jre\bin\nio.dll
0x00007ffca19d0000 - 0x00007ffca19f6000 	C:\Users\2122E\.gradle\native\30\windows-amd64\native-platform.dll
0x00007ffcaa4e0000 - 0x00007ffcaa4ed000 	C:\Program Files\Android\Android Studio\jre\jre\bin\management.dll
0x00007ffcaed60000 - 0x00007ffcaed78000 	C:\WINDOWS\SYSTEM32\CRYPTSP.dll
0x00007ffcae530000 - 0x00007ffcae564000 	C:\WINDOWS\system32\rsaenh.dll
0x00007ffcaf6e0000 - 0x00007ffcaf707000 	C:\WINDOWS\System32\bcrypt.dll
0x00007ffcaf370000 - 0x00007ffcaf39e000 	C:\WINDOWS\SYSTEM32\USERENV.dll
0x00007ffcaf660000 - 0x00007ffcaf6e0000 	C:\WINDOWS\System32\bcryptprimitives.dll
0x00007ffcaed80000 - 0x00007ffcaed8c000 	C:\WINDOWS\SYSTEM32\CRYPTBASE.dll
0x00007ffcae880000 - 0x00007ffcae8bb000 	C:\WINDOWS\SYSTEM32\IPHLPAPI.DLL
0x00007ffcb1400000 - 0x00007ffcb1408000 	C:\WINDOWS\System32\NSI.dll
0x00007ffcaa7e0000 - 0x00007ffcaa7f7000 	C:\WINDOWS\SYSTEM32\dhcpcsvc6.DLL
0x00007ffcaa7b0000 - 0x00007ffcaa7cd000 	C:\WINDOWS\SYSTEM32\dhcpcsvc.DLL
0x00007ffcae8c0000 - 0x00007ffcae98b000 	C:\WINDOWS\SYSTEM32\DNSAPI.dll
0x00007ffc946c0000 - 0x00007ffc946e4000 	C:\Program Files\Android\Android Studio\jre\jre\bin\sunec.dll
0x00007ffca85b0000 - 0x00007ffca85ba000 	C:\Windows\System32\rasadhlp.dll
0x00007ffcaad40000 - 0x00007ffcaadbf000 	C:\WINDOWS\System32\fwpuclnt.dll
0x00007ffcaa0a0000 - 0x00007ffcaa0ab000 	C:\Program Files\Android\Android Studio\jre\jre\bin\sunmscapi.dll
0x00007ffcafc30000 - 0x00007ffcafd8f000 	C:\WINDOWS\System32\CRYPT32.dll

VM Arguments:
jvm_args: -XX:MaxMetaspaceSize=256m -XX:+HeapDumpOnOutOfMemoryError -Xms256m -Xmx512m -Dfile.encoding=windows-1252 -Duser.country=US -Duser.language=en -Duser.variant 
java_command: org.gradle.launcher.daemon.bootstrap.GradleDaemon 5.6.4
java_class_path (initial): C:\Users\2122E\.gradle\wrapper\dists\gradle-5.6.4-all\ankdp27end7byghfw1q2sw75f\gradle-5.6.4\lib\gradle-launcher-5.6.4.jar
Launcher Type: SUN_STANDARD

Environment Variables:
PATH=C:\WINDOWS\system32;C:\WINDOWS;C:\WINDOWS\System32\Wbem;C:\WINDOWS\System32\WindowsPowerShell\v1.0\;C:\WINDOWS\System32\OpenSSH\;C:\Program Files (x86)\Windows Live\Shared;C:\Users\2122E\AppData\Local\Microsoft\WindowsApps
USERNAME=2122E
OS=Windows_NT
PROCESSOR_IDENTIFIER=Intel64 Family 6 Model 158 Stepping 9, GenuineIntel



---------------  S Y S T E M  ---------------

OS: Windows 10.0 , 64 bit Build 19041 (10.0.19041.804)

CPU:total 8 (initial active 8) (4 cores per cpu, 2 threads per core) family 6 model 158 stepping 9, cmov, cx8, fxsr, mmx, sse, sse2, sse3, ssse3, sse4.1, sse4.2, popcnt, avx, avx2, aes, clmul, erms, rtm, 3dnowpref, lzcnt, ht, tsc, tscinvbit, bmi1, bmi2, adx

Memory: 4k page, physical 16661000k(326544k free), swap 47111428k(3376k free)

vm_info: OpenJDK 64-Bit Server VM (25.242-b01) for windows-amd64 JRE (1.8.0_242-release-1644-b01), built by "builder" with MS VC++ 10.0 (VS2010)

time: Fri Mar 26 21:54:14 2021
timezone: India Standard Time
elapsed time: 9020 seconds (0d 2h 30m 20s)

